<?xml version="1.0" encoding="UTF-8"?>
<testsuite xmlns:xsi="http://www.w3.org/2001/XMLSchema-instance" xsi:noNamespaceSchemaLocation="https://maven.apache.org/surefire/maven-surefire-plugin/xsd/surefire-test-report-3.0.xsd" version="3.0" name="com.motoclube.gestor.SgmApplicationTests" time="21.014" tests="1" errors="0" skipped="0" failures="0">
  <properties>
[...]
</properties>
  <testcase name="contextLoads" classname="com.motoclube.gestor.SgmApplicationTests" time="0.549">
    <system-out><![CDATA[12:39:50.358 [main] INFO org.springframework.test.context.support.AnnotationConfigContextLoaderUtils -- Could not detect default configuration classes for test class [com.motoclube.gestor.SgmApplicationTests]: SgmApplicationTests does not declare any static, non-private, non-final, nested classes annotated with @Configuration.
12:39:50.445 [main] INFO org.springframework.boot.test.context.SpringBootTestContextBootstrapper -- Found @SpringBootConfiguration com.motoclube.gestor.SgmApplication for test class com.motoclube.gestor.SgmApplicationTests
12:39:50.628 [main] INFO org.springframework.boot.devtools.restart.RestartApplicationListener -- Restart disabled due to context in which it is running

  .   ____          _            __ _ _
 /\\ / ___'_ __ _ _(_)_ __  __ _ \ \ \ \
( ( )\___ | '_ | '_| | '_ \/ _` | \ \ \ \
 \\/  ___)| |_)| | | | | || (_| |  ) ) ) )
  '  |____| .__|_| |_|_| |_\__, | / / / /
 =========|_|==============|___/=/_/_/_/

 :: Spring Boot ::                (v3.3.3)

2025-06-02T12:39:50.910-03:00  INFO 23680 --- [SGM] [           main] c.motoclube.gestor.SgmApplicationTests   : Starting SgmApplicationTests using Java 17.0.15 with PID 23680 (started by Harrisson Dutra in E:\Documentos\Desenvolvimento\Java\SGM)
2025-06-02T12:39:50.911-03:00  INFO 23680 --- [SGM] [           main] c.motoclube.gestor.SgmApplicationTests   : No active profile set, falling back to 1 default profile: "default"
2025-06-02T12:39:52.038-03:00  INFO 23680 --- [SGM] [           main] .s.d.r.c.RepositoryConfigurationDelegate : Bootstrapping Spring Data JPA repositories in DEFAULT mode.
2025-06-02T12:39:52.139-03:00  INFO 23680 --- [SGM] [           main] .s.d.r.c.RepositoryConfigurationDelegate : Finished Spring Data repository scanning in 89 ms. Found 7 JPA repository interfaces.
2025-06-02T12:39:52.562-03:00  WARN 23680 --- [SGM] [           main] trationDelegate$BeanPostProcessorChecker : Bean 'org.springframework.ws.config.annotation.DelegatingWsConfiguration' of type [org.springframework.ws.config.annotation.DelegatingWsConfiguration$$SpringCGLIB$$0] is not eligible for getting processed by all BeanPostProcessors (for example: not eligible for auto-proxying). The currently created BeanPostProcessor [annotationActionEndpointMapping] is declared through a non-static factory method on that class; consider declaring it as static instead.
2025-06-02T12:39:52.604-03:00  INFO 23680 --- [SGM] [           main] .w.s.a.s.AnnotationActionEndpointMapping : Supporting [WS-Addressing August 2004, WS-Addressing 1.0]
2025-06-02T12:39:52.814-03:00  INFO 23680 --- [SGM] [           main] o.hibernate.jpa.internal.util.LogHelper  : HHH000204: Processing PersistenceUnitInfo [name: default]
2025-06-02T12:39:52.887-03:00  INFO 23680 --- [SGM] [           main] org.hibernate.Version                    : HHH000412: Hibernate ORM core version 6.5.2.Final
2025-06-02T12:39:52.930-03:00  INFO 23680 --- [SGM] [           main] o.h.c.internal.RegionFactoryInitiator    : HHH000026: Second-level cache disabled
2025-06-02T12:39:53.342-03:00  INFO 23680 --- [SGM] [           main] o.s.o.j.p.SpringPersistenceUnitInfo      : No LoadTimeWeaver setup: ignoring JPA class transformer
2025-06-02T12:39:53.371-03:00  INFO 23680 --- [SGM] [           main] com.zaxxer.hikari.HikariDataSource       : HikariPool-1 - Starting...
2025-06-02T12:39:54.987-03:00  INFO 23680 --- [SGM] [           main] com.zaxxer.hikari.pool.HikariPool        : HikariPool-1 - Added connection org.postgresql.jdbc.PgConnection@7b9c2387
2025-06-02T12:39:54.990-03:00  INFO 23680 --- [SGM] [           main] com.zaxxer.hikari.HikariDataSource       : HikariPool-1 - Start completed.
2025-06-02T12:39:55.160-03:00  WARN 23680 --- [SGM] [           main] org.hibernate.orm.deprecation            : HHH90000025: PostgreSQLDialect does not need to be specified explicitly using 'hibernate.dialect' (remove the property setting and it will be selected by default)
2025-06-02T12:39:56.629-03:00  INFO 23680 --- [SGM] [           main] o.h.e.t.j.p.i.JtaPlatformInitiator       : HHH000489: No JTA platform available (set 'hibernate.transaction.jta.platform' to enable JTA platform integration)
2025-06-02T12:40:08.419-03:00  INFO 23680 --- [SGM] [           main] j.LocalContainerEntityManagerFactoryBean : Initialized JPA EntityManagerFactory for persistence unit 'default'
2025-06-02T12:40:08.819-03:00  INFO 23680 --- [SGM] [           main] o.s.d.j.r.query.QueryEnhancerFactory     : Hibernate is in classpath; If applicable, HQL parser will be used.
2025-06-02T12:40:09.475-03:00  WARN 23680 --- [SGM] [           main] JpaBaseConfiguration$JpaWebConfiguration : spring.jpa.open-in-view is enabled by default. Therefore, database queries may be performed during view rendering. Explicitly configure spring.jpa.open-in-view to disable this warning
2025-06-02T12:40:10.628-03:00  INFO 23680 --- [SGM] [           main] c.motoclube.gestor.SgmApplicationTests   : Started SgmApplicationTests in 20.014 seconds (process running for 20.982)
]]></system-out>
  </testcase>
</testsuite>